<?xml version="1.0" encoding="UTF-8"?>
<!-- Generated by org.testng.reporters.JUnitReportReporter -->
<testsuite hostname="DESKTOP-SQMA1VG" failures="0" tests="3" name="groupsdemo.TestGroup1" time="0.041" errors="0" timestamp="17 Feb 2021 05:50:59 GMT" skipped="0">
  <testcase classname="groupsdemo.TestGroup1" name="Test2" time="0.003"/>
  <testcase classname="groupsdemo.TestGroup1" name="Test3" time="0.003"/>
  <testcase classname="groupsdemo.TestGroup1" name="Test1" time="0.035"/>
</testsuite> <!-- groupsdemo.TestGroup1 -->
