<?xml version="1.0" encoding="UTF-8"?>
<!-- Generated by org.testng.reporters.JUnitReportReporter -->
<testsuite hostname="DESKTOP-SQMA1VG" failures="0" tests="1" name="groupsdemo.TestGroup2" time="0.007" errors="0" timestamp="17 Feb 2021 05:50:59 GMT" skipped="0">
  <testcase classname="groupsdemo.TestGroup2" name="Test8" time="0.007"/>
</testsuite> <!-- groupsdemo.TestGroup2 -->
