<?xml version="1.0" encoding="UTF-8"?>
<!-- Generated by org.testng.reporters.JUnitReportReporter -->
<testsuite hostname="DESKTOP-SQMA1VG" failures="0" tests="1" name="MyTest.VerifyLogintestpagefactory" time="22.386" errors="0" timestamp="17 Feb 2021 08:08:01 GMT" skipped="0">
  <testcase classname="MyTest.VerifyLogintestpagefactory" name="logintest" time="22.386"/>
</testsuite> <!-- MyTest.VerifyLogintestpagefactory -->
