<?xml version="1.0" encoding="UTF-8"?>
<!-- Generated by org.testng.reporters.JUnitReportReporter -->
<testsuite hostname="DESKTOP-SQMA1VG" failures="0" tests="3" name="myTestngpackage.PriorityDemo" time="25.455" errors="0" timestamp="16 Feb 2021 09:59:59 GMT" skipped="0">
  <testcase classname="myTestngpackage.PriorityDemo" name="startapp" time="18.280"/>
  <testcase classname="myTestngpackage.PriorityDemo" name="loginapp" time="5.348"/>
  <testcase classname="myTestngpackage.PriorityDemo" name="signoff" time="1.827"/>
</testsuite> <!-- myTestngpackage.PriorityDemo -->
