<?xml version="1.0" encoding="UTF-8"?>
<!-- Generated by org.testng.reporters.JUnitReportReporter -->
<testsuite hostname="DESKTOP-SQMA1VG" failures="0" tests="1" name="myPOMPackage.CheckLogin" time="77.023" errors="0" timestamp="17 Feb 2021 07:29:33 GMT" skipped="0">
  <testcase classname="myPOMPackage.CheckLogin" name="logintest" time="77.023"/>
</testsuite> <!-- myPOMPackage.CheckLogin -->
