<?xml version="1.0" encoding="UTF-8"?>
<!-- Generated by org.testng.reporters.JUnitReportReporter -->
<testsuite hostname="DESKTOP-SQMA1VG" failures="0" tests="2" name="myTestngpackage.DataProviderdemo" time="10.207" errors="0" timestamp="17 Feb 2021 05:01:26 GMT" skipped="0">
  <testcase classname="myTestngpackage.DataProviderdemo" name="f" time="6.654"/>
  <testcase classname="myTestngpackage.DataProviderdemo" name="f" time="3.553"/>
</testsuite> <!-- myTestngpackage.DataProviderdemo -->
