<?xml version="1.0" encoding="UTF-8"?>
<!-- Generated by org.testng.reporters.JUnitReportReporter -->
<testsuite hostname="DESKTOP-SQMA1VG" failures="0" tests="1" name="myTestngpackage.Annotationdemo" time="0.014" errors="0" timestamp="16 Feb 2021 09:44:01 GMT" skipped="0">
  <testcase classname="myTestngpackage.Annotationdemo" name="checktitle" time="0.014"/>
</testsuite> <!-- myTestngpackage.Annotationdemo -->
